<?xml version="1.0" encoding="UTF-8"?>
<testsuite name="PersonTest" tests="1" skipped="0" failures="0" errors="0" timestamp="2018-08-01T06:34:00" hostname="DESKTOP-27CA95E" time="0.023">
  <properties/>
  <testcase name="compareTo" classname="PersonTest" time="0.023"/>
  <system-out><![CDATA[]]></system-out>
  <system-err><![CDATA[]]></system-err>
</testsuite>
